<?xml version="1.0" encoding="UTF-8"?>
<!-- Generated by org.testng.reporters.JUnitXMLReporter -->
<testsuite ignored="0" hostname="badabeeddccfaccacaeefddadedebfeeccfcae-0" failures="0" tests="3" name="Surefire test" time="49.504" errors="0" timestamp="2023-08-17T14:00:27 UTC">
  <testcase classname="testcases.Testcase1" name="TestTodaysDeal" time="5.287"/>
  <testcase classname="testcases.Testcase1" name="TestProductClick" time="9.4"/>
  <testcase classname="testcases.Testcase1" name="AddCartTest" time="17.704"/>
</testsuite> <!-- Surefire test -->
