<?xml version="1.0" encoding="UTF-8"?>
<!-- Generated by org.testng.reporters.JUnitXMLReporter -->
<testsuite ignored="0" hostname="badabeeddccfaccacaeefddadedebfeeccfcae-0" failures="0" tests="3" name="Surefire test" time="50.219" errors="0" timestamp="2023-08-17T13:48:34 UTC">
  <testcase classname="testcases.Testcase1" name="TestTodaysDeal" time="5.258"/>
  <testcase classname="testcases.Testcase1" name="TestProductClick" time="8.817"/>
  <testcase classname="testcases.Testcase1" name="AddCartTest" time="18.791"/>
</testsuite> <!-- Surefire test -->
