-------------------------------------------------------------------------------
Test set: testcases.Testcase1
-------------------------------------------------------------------------------
Tests run: 3, Failures: 1, Errors: 0, Skipped: 0, Time elapsed: 33.994 s <<< FAILURE! - in testcases.Testcase1
AddCartTest(testcases.Testcase1)  Time elapsed: 0.007 s  <<< FAILURE!
java.lang.Error: 
Unresolved compilation problem: 
	CartValue cannot be resolved to a variable

	at testcases.Testcase1.AddCartTest(Testcase1.java:105)

