<?xml version="1.0" encoding="UTF-8"?>
<testng-results ignored="0" total="3" passed="3" failed="0" skipped="0">
  <reporter-output>
  </reporter-output>
  <suite started-at="2023-08-17T13:42:16 UTC" name="Surefire suite" finished-at="2023-08-17T13:43:07 UTC" duration-ms="51323">
    <groups>
    </groups>
    <test started-at="2023-08-17T13:42:16 UTC" name="Surefire test" finished-at="2023-08-17T13:43:07 UTC" duration-ms="51323">
      <class name="testcases.Testcase1">
        <test-method is-config="true" signature="beforeMethod()[pri:0, instance:testcases.Testcase1@470734c3]" started-at="2023-08-17T13:42:16 UTC" name="beforeMethod" finished-at="2023-08-17T13:42:23 UTC" duration-ms="6541" status="PASS">
          <reporter-output>
          </reporter-output>
        </test-method> <!-- beforeMethod -->
        <test-method signature="TestTodaysDeal()[pri:1, instance:testcases.Testcase1@470734c3]" started-at="2023-08-17T13:42:23 UTC" name="TestTodaysDeal" finished-at="2023-08-17T13:42:29 UTC" duration-ms="6192" status="PASS">
          <reporter-output>
          </reporter-output>
        </test-method> <!-- TestTodaysDeal -->
        <test-method is-config="true" signature="afterMethod()[pri:0, instance:testcases.Testcase1@470734c3]" started-at="2023-08-17T13:42:29 UTC" name="afterMethod" finished-at="2023-08-17T13:42:29 UTC" duration-ms="561" status="PASS">
          <reporter-output>
          </reporter-output>
        </test-method> <!-- afterMethod -->
        <test-method is-config="true" signature="beforeMethod()[pri:0, instance:testcases.Testcase1@470734c3]" started-at="2023-08-17T13:42:29 UTC" name="beforeMethod" finished-at="2023-08-17T13:42:34 UTC" duration-ms="4593" status="PASS">
          <reporter-output>
          </reporter-output>
        </test-method> <!-- beforeMethod -->
        <test-method signature="TestProductClick()[pri:2, instance:testcases.Testcase1@470734c3]" started-at="2023-08-17T13:42:34 UTC" name="TestProductClick" finished-at="2023-08-17T13:42:44 UTC" duration-ms="9644" status="PASS">
          <reporter-output>
          </reporter-output>
        </test-method> <!-- TestProductClick -->
        <test-method is-config="true" signature="afterMethod()[pri:0, instance:testcases.Testcase1@470734c3]" started-at="2023-08-17T13:42:44 UTC" name="afterMethod" finished-at="2023-08-17T13:42:44 UTC" duration-ms="234" status="PASS">
          <reporter-output>
          </reporter-output>
        </test-method> <!-- afterMethod -->
        <test-method is-config="true" signature="beforeMethod()[pri:0, instance:testcases.Testcase1@470734c3]" started-at="2023-08-17T13:42:44 UTC" name="beforeMethod" finished-at="2023-08-17T13:42:49 UTC" duration-ms="4835" status="PASS">
          <reporter-output>
          </reporter-output>
        </test-method> <!-- beforeMethod -->
        <test-method signature="AddCartTest()[pri:3, instance:testcases.Testcase1@470734c3]" started-at="2023-08-17T13:42:49 UTC" name="AddCartTest" finished-at="2023-08-17T13:43:07 UTC" duration-ms="18380" status="PASS">
          <reporter-output>
          </reporter-output>
        </test-method> <!-- AddCartTest -->
        <test-method is-config="true" signature="afterMethod()[pri:0, instance:testcases.Testcase1@470734c3]" started-at="2023-08-17T13:43:07 UTC" name="afterMethod" finished-at="2023-08-17T13:43:07 UTC" duration-ms="229" status="PASS">
          <reporter-output>
          </reporter-output>
        </test-method> <!-- afterMethod -->
      </class> <!-- testcases.Testcase1 -->
    </test> <!-- Surefire test -->
  </suite> <!-- Surefire suite -->
</testng-results>
